# JRE version: OpenJDK Runtime Environment (8.0_242-b01) (build 1.8.0_242-release-1644-b01)
# Java VM: OpenJDK 64-Bit Server VM (25.242-b01 mixed mode windows-amd64 compressed oops)
Heap:
 PSYoungGen      total 591360K, used 205390K [0x00000000d5580000, 0x0000000100000000, 0x0000000100000000)
  eden space 509440K, 40% used [0x00000000d5580000,0x00000000e1e13b00,0x00000000f4700000)
  from space 81920K, 0% used [0x00000000fb000000,0x00000000fb000000,0x0000000100000000)
  to   space 94720K, 0% used [0x00000000f4700000,0x00000000f4700000,0x00000000fa380000)
 ParOldGen       total 289792K, used 266549K [0x0000000080000000, 0x0000000091b00000, 0x00000000d5580000)
  object space 289792K, 91% used [0x0000000080000000,0x000000009044d478,0x0000000091b00000)
 Metaspace       used 86162K, capacity 90981K, committed 91224K, reserved 1128448K
  class space    used 11456K, capacity 12353K, committed 12416K, reserved 1048576K
GC Heap History (10 events):
Event: 104.933 GC heap before
{Heap before GC invocations=55 (full 5):
 PSYoungGen      total 613376K, used 580824K [0x00000000d5580000, 0x0000000100000000, 0x0000000100000000)
  eden space 527872K, 100% used [0x00000000d5580000,0x00000000f5900000,0x00000000f5900000)
  from space 85504K, 61% used [0x00000000f5900000,0x00000000f8cb61e8,0x00000000fac80000)
  to   space 84480K, 0% used [0x00000000fad80000,0x00000000fad80000,0x0000000100000000)
 ParOldGen       total 229376K, used 162852K [0x0000000080000000, 0x000000008e000000, 0x00000000d5580000)
  object space 229376K, 70% used [0x0000000080000000,0x0000000089f09360,0x000000008e000000)
 Metaspace       used 80624K, capacity 85097K, committed 85464K, reserved 1122304K
  class space    used 10786K, capacity 11645K, committed 11776K, reserved 1048576K
Event: 105.075 GC heap after
Heap after GC invocations=55 (full 5):
 PSYoungGen      total 608256K, used 49789K [0x00000000d5580000, 0x00000000ffb00000, 0x0000000100000000)
  eden space 528896K, 0% used [0x00000000d5580000,0x00000000d5580000,0x00000000f5a00000)
  from space 79360K, 62% used [0x00000000fad80000,0x00000000fde1f6c8,0x00000000ffb00000)
  to   space 82432K, 0% used [0x00000000f5a00000,0x00000000f5a00000,0x00000000faa80000)
 ParOldGen       total 229376K, used 164111K [0x0000000080000000, 0x000000008e000000, 0x00000000d5580000)
  object space 229376K, 71% used [0x0000000080000000,0x000000008a043ca8,0x000000008e000000)
 Metaspace       used 80624K, capacity 85097K, committed 85464K, reserved 1122304K
  class space    used 10786K, capacity 11645K, committed 11776K, reserved 1048576K
}
Event: 107.192 GC heap before
{Heap before GC invocations=56 (full 5):
 PSYoungGen      total 608256K, used 578685K [0x00000000d5580000, 0x00000000ffb00000, 0x0000000100000000)
  eden space 528896K, 100% used [0x00000000d5580000,0x00000000f5a00000,0x00000000f5a00000)
  from space 79360K, 62% used [0x00000000fad80000,0x00000000fde1f6c8,0x00000000ffb00000)
  to   space 82432K, 0% used [0x00000000f5a00000,0x00000000f5a00000,0x00000000faa80000)
 ParOldGen       total 229376K, used 164111K [0x0000000080000000, 0x000000008e000000, 0x00000000d5580000)
  object space 229376K, 71% used [0x0000000080000000,0x000000008a043ca8,0x000000008e000000)
 Metaspace       used 80675K, capacity 85161K, committed 85464K, reserved 1122304K
  class space    used 10787K, capacity 11645K, committed 11776K, reserved 1048576K
Event: 107.294 GC heap after
Heap after GC invocations=56 (full 5):
 PSYoungGen      total 611328K, used 26843K [0x00000000d5580000, 0x0000000100000000, 0x0000000100000000)
  eden space 528896K, 0% used [0x00000000d5580000,0x00000000d5580000,0x00000000f5a00000)
  from space 82432K, 32% used [0x00000000f5a00000,0x00000000f7436d30,0x00000000faa80000)
  to   space 81920K, 0% used [0x00000000fb000000,0x00000000fb000000,0x0000000100000000)
 ParOldGen       total 229376K, used 186236K [0x0000000080000000, 0x000000008e000000, 0x00000000d5580000)
  object space 229376K, 81% used [0x0000000080000000,0x000000008b5df2f0,0x000000008e000000)
 Metaspace       used 80675K, capacity 85161K, committed 85464K, reserved 1122304K
  class space    used 10787K, capacity 11645K, committed 11776K, reserved 1048576K
}
Event: 111.617 GC heap before
{Heap before GC invocations=57 (full 5):
 PSYoungGen      total 611328K, used 555739K [0x00000000d5580000, 0x0000000100000000, 0x0000000100000000)
  eden space 528896K, 100% used [0x00000000d5580000,0x00000000f5a00000,0x00000000f5a00000)
  from space 82432K, 32% used [0x00000000f5a00000,0x00000000f7436d30,0x00000000faa80000)
  to   space 81920K, 0% used [0x00000000fb000000,0x00000000fb000000,0x0000000100000000)
 ParOldGen       total 229376K, used 186236K [0x0000000080000000, 0x000000008e000000, 0x00000000d5580000)
  object space 229376K, 81% used [0x0000000080000000,0x000000008b5df2f0,0x000000008e000000)
 Metaspace       used 81438K, capacity 85939K, committed 86232K, reserved 1124352K
  class space    used 10853K, capacity 11706K, committed 11776K, reserved 1048576K
Event: 111.826 GC heap after
Heap after GC invocations=57 (full 5):
 PSYoungGen      total 591360K, used 81896K [0x00000000d5580000, 0x0000000100000000, 0x0000000100000000)
  eden space 509440K, 0% used [0x00000000d5580000,0x00000000d5580000,0x00000000f4700000)
  from space 81920K, 99% used [0x00000000fb000000,0x00000000ffffa290,0x0000000100000000)
  to   space 94720K, 0% used [0x00000000f4700000,0x00000000f4700000,0x00000000fa380000)
 ParOldGen       total 229376K, used 193603K [0x0000000080000000, 0x000000008e000000, 0x00000000d5580000)
  object space 229376K, 84% used [0x0000000080000000,0x000000008bd10dc8,0x000000008e000000)
 Metaspace       used 81438K, capacity 85939K, committed 86232K, reserved 1124352K
  class space    used 10853K, capacity 11706K, committed 11776K, reserved 1048576K
}
Event: 118.339 GC heap before
{Heap before GC invocations=58 (full 5):
 PSYoungGen      total 591360K, used 584028K [0x00000000d5580000, 0x0000000100000000, 0x0000000100000000)
  eden space 509440K, 98% used [0x00000000d5580000,0x00000000f3fdcf30,0x00000000f4700000)
  from space 81920K, 99% used [0x00000000fb000000,0x00000000ffffa290,0x0000000100000000)
  to   space 94720K, 0% used [0x00000000f4700000,0x00000000f4700000,0x00000000fa380000)
 ParOldGen       total 229376K, used 193603K [0x0000000080000000, 0x000000008e000000, 0x00000000d5580000)
  object space 229376K, 84% used [0x0000000080000000,0x000000008bd10dc8,0x000000008e000000)
 Metaspace       used 81460K, capacity 86003K, committed 86232K, reserved 1124352K
  class space    used 10853K, capacity 11706K, committed 11776K, reserved 1048576K
Event: 118.821 GC heap after
Heap after GC invocations=58 (full 5):
 PSYoungGen      total 591360K, used 584028K [0x00000000d5580000, 0x0000000100000000, 0x0000000100000000)
  eden space 509440K, 98% used [0x00000000d5580000,0x00000000f3fdcf30,0x00000000f4700000)
  from space 81920K, 99% used [0x00000000fb000000,0x00000000ffffa290,0x0000000100000000)
  to   space 94720K, 99% used [0x00000000f4700000,0x00000000fa37d488,0x00000000fa380000)
 ParOldGen       total 289792K, used 289743K [0x0000000080000000, 0x0000000091b00000, 0x00000000d5580000)
  object space 289792K, 99% used [0x0000000080000000,0x0000000091af3f80,0x0000000091b00000)
 Metaspace       used 81460K, capacity 86003K, committed 86232K, reserved 1124352K
  class space    used 10853K, capacity 11706K, committed 11776K, reserved 1048576K
}
Event: 118.821 GC heap before
{Heap before GC invocations=59 (full 6):
 PSYoungGen      total 591360K, used 584028K [0x00000000d5580000, 0x0000000100000000, 0x0000000100000000)
  eden space 509440K, 98% used [0x00000000d5580000,0x00000000f3fdcf30,0x00000000f4700000)
  from space 81920K, 99% used [0x00000000fb000000,0x00000000ffffa290,0x0000000100000000)
  to   space 94720K, 99% used [0x00000000f4700000,0x00000000fa37d488,0x00000000fa380000)
 ParOldGen       total 289792K, used 289743K [0x0000000080000000, 0x0000000091b00000, 0x00000000d5580000)
  object space 289792K, 99% used [0x0000000080000000,0x0000000091af3f80,0x0000000091b00000)
 Metaspace       used 81460K, capacity 86003K, committed 86232K, reserved 1124352K
  class space    used 10853K, capacity 11706K, committed 11776K, reserved 1048576K
Event: 120.612 GC heap after
Heap after GC invocations=59 (full 6):
 PSYoungGen      total 591360K, used 0K [0x00000000d5580000, 0x0000000100000000, 0x0000000100000000)
  eden space 509440K, 0% used [0x00000000d5580000,0x00000000d5580000,0x00000000f4700000)
  from space 81920K, 0% used [0x00000000fb000000,0x00000000fb000000,0x0000000100000000)
  to   space 94720K, 0% used [0x00000000f4700000,0x00000000f4700000,0x00000000fa380000)
 ParOldGen       total 289792K, used 266549K [0x0000000080000000, 0x0000000091b00000, 0x00000000d5580000)
  object space 289792K, 91% used [0x0000000080000000,0x000000009044d478,0x0000000091b00000)
 Metaspace       used 81455K, capacity 85989K, committed 86232K, reserved 1124352K
  class space    used 10852K, capacity 11703K, committed 11776K, reserved 1048576K
}

